{"timestamp":"2025-09-17T06:11:52.947Z","level":"info","message":"Payment intent created successfully","meta":{"paymentIntentId":"pi_3S8EatPFGMTp6wyH07997ITL","amount":0.5,"currency":"usd","status":"requires_payment_method"},"environment":"production"}
{"timestamp":"2025-09-17T06:11:55.561Z","level":"info","message":"Payment intent created successfully","meta":{"paymentIntentId":"pi_3S8EavPFGMTp6wyH1OLhlrRu","amount":0.5,"currency":"usd","status":"requires_payment_method"},"environment":"production"}
{"timestamp":"2025-09-17T06:11:55.908Z","level":"info","message":"Customer created successfully","meta":{"customerId":"cus_T4NLPnfpa4eUwl","email":"test@zappay.com"},"environment":"production"}
{"timestamp":"2025-09-17T06:11:56.203Z","level":"info","message":"Payment intent created successfully","meta":{"paymentIntentId":"pi_3S8EawPFGMTp6wyH0FOvJDd3","amount":10,"currency":"usd","status":"requires_payment_method"},"environment":"production"}
{"timestamp":"2025-09-17T06:11:56.669Z","level":"info","message":"Payment intent cancelled","meta":{"paymentIntentId":"pi_3S8EawPFGMTp6wyH0FOvJDd3","status":"canceled"},"environment":"production"}
{"timestamp":"2025-09-17T06:30:26.255Z","level":"info","message":"Product created successfully","meta":{"productId":"prod_T4NeLG8w5M73w2","name":"Test Product"},"environment":"production"}
{"timestamp":"2025-09-17T06:30:26.524Z","level":"info","message":"Price created successfully","meta":{"priceId":"price_1S8EsqPFGMTp6wyH2xrpOXfs","productId":"prod_T4NeLG8w5M73w2","unitAmount":999,"currency":"usd"},"environment":"production"}
{"timestamp":"2025-09-17T06:30:26.825Z","level":"info","message":"Customer created successfully","meta":{"customerId":"cus_T4Ned9siiQ15Cw","email":"test@zappay.com"},"environment":"production"}
{"timestamp":"2025-09-17T06:30:27.875Z","level":"info","message":"Checkout session created","meta":{"sessionId":"cs_test_a1ETT4On0tAd97sBDkQUKdDzegSdjmfEncpTQyZCA1Vmvx3TuQO4E7ifrz","customerId":"cus_T4Ned9siiQ15Cw","url":"https://checkout.stripe.com/c/pay/cs_test_a1ETT4On0tAd97sBDkQUKdDzegSdjmfEncpTQyZCA1Vmvx3TuQO4E7ifrz#fidkdWxOYHwnPyd1blpxYHZxWjA0Vj00QTJVQ0JIUXUzcnxNdFd1YW1pPHxCaDdXcXN8TURCXEpTU3R8SGI8TUZUbGlrSlA9UX9hR3NTcUxKdTA2dTEwVFN%2FU2djanc0UFZicG4yY09QZkhCNTVnakkyMWg1QicpJ2N3amhWYHdzYHcnP3F3cGApJ2dkZm5id2pwa2FGamlqdyc%2FJyZjY2NjY2MnKSdpZHxqcHFRfHVgJz8ndmxrYmlgWmxxYGgnKSdga2RnaWBVaWRmYG1qaWFgd3YnP3F3cGB4JSUl"},"environment":"production"}
{"timestamp":"2025-09-17T06:30:32.394Z","level":"info","message":"Payment intent created successfully","meta":{"paymentIntentId":"pi_3S8EswPFGMTp6wyH2UWuLFVi","amount":0.5,"currency":"usd","status":"requires_payment_method"},"environment":"production"}
{"timestamp":"2025-09-17T06:30:32.703Z","level":"info","message":"Customer created successfully","meta":{"customerId":"cus_T4NeKbZYgMoFSm","email":"test@zappay.com"},"environment":"production"}
{"timestamp":"2025-09-17T06:30:32.992Z","level":"info","message":"Payment intent created successfully","meta":{"paymentIntentId":"pi_3S8EsxPFGMTp6wyH1ExOUjlJ","amount":10,"currency":"usd","status":"requires_payment_method"},"environment":"production"}
{"timestamp":"2025-09-17T06:30:33.439Z","level":"info","message":"Payment intent cancelled","meta":{"paymentIntentId":"pi_3S8EsxPFGMTp6wyH1ExOUjlJ","status":"canceled"},"environment":"production"}
{"timestamp":"2025-09-17T06:36:19.391Z","level":"info","message":"Payment intent created successfully","meta":{"paymentIntentId":"pi_3S8EyXPFGMTp6wyH1KQ7QHjX","amount":0.5,"currency":"usd","status":"requires_payment_method"},"environment":"production"}
{"timestamp":"2025-10-05T01:33:32.269Z","level":"info","message":"Fee calculated successfully","meta":{"amount":50,"paymentType":"card","fee":1.55,"totalAmount":51.55},"environment":"production"}
{"timestamp":"2025-10-05T01:33:38.202Z","level":"info","message":"Fee calculated successfully","meta":{"amount":75,"paymentType":"card","fee":2.175,"totalAmount":77.175},"environment":"production"}
{"timestamp":"2025-10-05T01:36:45.336Z","level":"info","message":"Fee calculated successfully","meta":{"amount":10,"paymentType":"card","fee":0.55,"totalAmount":10.55},"environment":"production"}
{"timestamp":"2025-10-05T01:36:45.336Z","level":"info","message":"Fee calculated successfully","meta":{"amount":25,"paymentType":"bank","fee":0.625,"totalAmount":25.625},"environment":"production"}
{"timestamp":"2025-10-05T01:36:45.336Z","level":"info","message":"Fee calculated successfully","meta":{"amount":50,"paymentType":"card","fee":1.55,"totalAmount":51.55},"environment":"production"}
{"timestamp":"2025-10-05T01:36:45.336Z","level":"info","message":"Fee calculated successfully","meta":{"amount":100,"paymentType":"instant","fee":1.2,"totalAmount":101.2},"environment":"production"}
{"timestamp":"2025-10-05T01:36:45.337Z","level":"info","message":"Fee calculated successfully","meta":{"amount":250,"paymentType":"international","fee":8,"totalAmount":258},"environment":"production"}
{"timestamp":"2025-10-05T01:36:51.035Z","level":"info","message":"Fee calculated successfully","meta":{"amount":10,"paymentType":"card","fee":0.55,"totalAmount":10.55},"environment":"production"}
{"timestamp":"2025-10-05T01:36:51.035Z","level":"info","message":"Fee calculated successfully","meta":{"amount":25,"paymentType":"bank","fee":0.625,"totalAmount":25.625},"environment":"production"}
{"timestamp":"2025-10-05T01:36:51.036Z","level":"info","message":"Fee calculated successfully","meta":{"amount":50,"paymentType":"card","fee":1.55,"totalAmount":51.55},"environment":"production"}
{"timestamp":"2025-10-05T01:36:51.036Z","level":"info","message":"Fee calculated successfully","meta":{"amount":100,"paymentType":"instant","fee":1.2,"totalAmount":101.2},"environment":"production"}
{"timestamp":"2025-10-05T01:36:51.036Z","level":"info","message":"Fee calculated successfully","meta":{"amount":250,"paymentType":"international","fee":8,"totalAmount":258},"environment":"production"}
